CPUs: 64,  GPUs: 1
_CudaDeviceProperties(name='NVIDIA A100 80GB PCIe', major=8, minor=0, total_memory=81092MB, multi_processor_count=108)

AlphaDog: Side-1, Mode-AI, Wins-0  |  cuda
Learning Rate: 0.001,  Batch Size: 256
46448
Epoch-1,  Iters:96,  Time:56.6m
Loss: 6.1477 ~ 5.6588, 5.4724 + 0.1886

37392
Epoch-2,  Iters:89,  Time:45.4m
Loss: 5.8367 ~ 5.4699, 5.3191 + 0.2191

37592
Epoch-3,  Iters:37,  Time:45.5m
Loss: 5.8912 ~ 5.5544, 5.2345 + 0.3935

33312
Epoch-4,  Iters:54,  Time:40.7m
Loss: 5.7288 ~ 5.2756, 5.0183 + 0.3479

28296
Epoch-5,  Iters:113,  Time:36.6m
Loss: 5.2514 ~ 4.7077, 4.6548 + 0.1893

24288
Epoch-6,  Iters:34,  Time:32.9m
Loss: 5.1147 ~ 4.7376, 4.4551 + 0.4183

24368
Epoch-7,  Iters:53,  Time:30.9m
Loss: 5.2022 ~ 4.7506, 4.2928 + 0.6431

24992
Epoch-8,  Iters:30,  Time:33.0m
Loss: 5.2096 ~ 4.8968, 4.2608 + 0.8077

21536
Epoch-9,  Iters:67,  Time:26.3m
Loss: 4.5881 ~ 4.1969, 4.0621 + 0.2170

21848
Epoch-10,  Iters:64,  Time:27.2m
Loss: 4.6732 ~ 4.2637, 3.9803 + 0.3311
Model Saved

22176
Epoch-11,  Iters:79,  Time:28.1m
Loss: 4.4775 ~ 4.0207, 3.8561 + 0.2204

21680
Epoch-12,  Iters:77,  Time:27.6m
Loss: 4.5324 ~ 4.0794, 3.8373 + 0.2976

21192
Epoch-13,  Iters:56,  Time:27.7m
Loss: 4.7214 ~ 4.1918, 3.8685 + 0.3336

21288
Epoch-14,  Iters:53,  Time:28.8m
Loss: 4.6372 ~ 4.3301, 4.0872 + 0.2919

21600
Epoch-15,  Iters:76,  Time:29.3m
Loss: 4.4551 ~ 4.0191, 3.8458 + 0.2475

23624
Epoch-16,  Iters:62,  Time:30.4m
Loss: 4.5193 ~ 4.1513, 3.9852 + 0.2624

21496
Epoch-17,  Iters:50,  Time:27.5m
Loss: 4.4582 ~ 4.1453, 3.8823 + 0.3107

22936
Epoch-18,  Iters:78,  Time:30.1m
Loss: 4.4116 ~ 3.9358, 3.6507 + 0.3758

22184
Epoch-19,  Iters:62,  Time:31.2m
Loss: 4.6719 ~ 4.1271, 3.8577 + 0.4009

23512
Epoch-20,  Iters:50,  Time:30.2m
Loss: 4.7606 ~ 4.3387, 4.1132 + 0.3099
Model Saved

22304
Epoch-21,  Iters:56,  Time:30.5m
Loss: 4.5214 ~ 4.1351, 3.8935 + 0.2674

23080
Epoch-22,  Iters:63,  Time:32.3m
Loss: 4.5562 ~ 4.0875, 3.9122 + 0.3227