CPUs: 64,  GPUs: 1
_CudaDeviceProperties(name='NVIDIA A800 80GB PCIe', major=8, minor=0, total_memory=81092MB, multi_processor_count=108)

AlphaDog: Side-1, Mode-AI, Wins-0  |  cuda
Learning Rate: 0.001,  Batch Size: 256
24136
Epoch-1,  Iters:61,  Time:32.0m
Loss: 4.5839 ~ 4.1648, 3.8141 + 0.4425

25920
Epoch-2,  Iters:83,  Time:32.7m
Loss: 4.5803 ~ 4.1611, 3.8881 + 0.3147

25832
Epoch-3,  Iters:51,  Time:34.2m
Loss: 4.8609 ~ 4.4700, 3.9809 + 0.5407

24376
Epoch-4,  Iters:62,  Time:31.9m
Loss: 4.7626 ~ 4.3848, 3.9513 + 0.4622

22872
Epoch-5,  Iters:74,  Time:29.7m
Loss: 4.3512 ~ 4.0157, 3.7113 + 0.3304

24952
Epoch-6,  Iters:52,  Time:32.5m
Loss: 4.5925 ~ 4.1868, 3.8264 + 0.4257

22888
Epoch-7,  Iters:52,  Time:30.0m
Loss: 4.5291 ~ 4.1584, 3.6682 + 0.5427

21184
Epoch-8,  Iters:62,  Time:26.4m
Loss: 4.3402 ~ 4.0103, 3.9061 + 0.3204

21112
Epoch-9,  Iters:21,  Time:28.9m
Loss: 4.2655 ~ 3.9688, 3.7947 + 0.3686

20176
Epoch-10,  Iters:36,  Time:26.5m
Loss: 4.3596 ~ 4.0122, 3.4903 + 0.6212
Model Saved

19312
Epoch-11,  Iters:22,  Time:27.3m
Loss: 4.2315 ~ 4.0536, 3.4911 + 0.6763

19712
Epoch-12,  Iters:53,  Time:25.6m
Loss: 4.1493 ~ 3.8934, 3.5392 + 0.4254

24144
Epoch-13,  Iters:21,  Time:32.3m
Loss: 4.5150 ~ 4.2875, 3.5663 + 0.8349

19568
Epoch-14,  Iters:46,  Time:25.5m
Loss: 4.1086 ~ 3.8653, 3.3782 + 0.5438

22208
Epoch-15,  Iters:29,  Time:30.0m
Loss: 4.3283 ~ 4.0797, 3.4975 + 0.7914

21064
Epoch-16,  Iters:34,  Time:27.6m
Loss: 4.1825 ~ 3.9238, 3.3683 + 0.7027

21984
Epoch-17,  Iters:27,  Time:29.6m
Loss: 4.1406 ~ 3.9401, 3.2474 + 0.7283

22464
Epoch-18,  Iters:19,  Time:30.9m
Loss: 3.9845 ~ 3.8248, 3.1711 + 0.7642

20976
Epoch-19,  Iters:29,  Time:27.6m
Loss: 4.1339 ~ 3.9992, 3.2428 + 0.8344

21352
Epoch-20,  Iters:45,  Time:30.5m
Loss: 3.6801 ~ 3.5109, 2.9533 + 0.7304
Model Saved

22800
Epoch-21,  Iters:30,  Time:30.8m
Loss: 3.9491 ~ 3.7645, 3.0015 + 0.8431

21712
Epoch-22,  Iters:19,  Time:29.9m
Loss: 3.9505 ~ 3.8187, 3.1377 + 0.8262